{"synthetic": false,
 "outputs": null,
 "log":
 [{"message": "Documentation indexing", "level": "info"},
  {"message":
   ".> /Users/chenwydj/Documents/Research/pde_choksi/pde/.lake/packages/doc-gen4/.lake/build/bin/doc-gen4 index --build /Users/chenwydj/Documents/Research/pde_choksi/pde/.lake/build",
   "level": "trace"}],
 "inputs":
 [["/Users/chenwydj/Documents/Research/pde_choksi/pde/.lake/packages/doc-gen4/.lake/build/bin/doc-gen4",
   "5064712962564297617"],
  ["<nil>", "1383784361690032856"],
  ["<collection>",
   [["/Users/chenwydj/Documents/Research/pde_choksi/pde/.lake/build/doc/PDE/Section_7_2_1.html",
     "15682856352341295850"],
    ["/Users/chenwydj/Documents/Research/pde_choksi/pde/.lake/build/doc/PDE/Section_7_2_2.html",
     "4517964176877337739"],
    ["/Users/chenwydj/Documents/Research/pde_choksi/pde/.lake/build/doc/PDE/Appendix_A_1.html",
     "3470638844845530914"],
    ["/Users/chenwydj/Documents/Research/pde_choksi/pde/.lake/build/doc/PDE.html",
     "16543582605104041259"]]]],
 "depHash": "14798383202682106206"}